PS C:\Users\stupn\IdeaProjects\Maven1> mvn compile
[INFO] Scanning for projects...
[WARNING] 
[WARNING] Some problems were encountered while building the effective model for org.example:Maven1:jar:1.0-SNAPSHOT
[WARNING] 'dependencies.dependency.version' for org.testng:testng:jar is either LATEST or RELEASE (both of them are being deprecated) @ line 25, column 22
[WARNING] 
[WARNING] It is highly recommended to fix these problems because they threaten the stability of your build.
[WARNING] 
[WARNING] For this reason, future Maven versions might no longer support building such malformed projects.
[WARNING] 
[INFO] 
[INFO] -------------------------< org.example:Maven1 >-------------------------
[INFO] Building Maven1 1.0-SNAPSHOT
[INFO]   from pom.xml
[INFO] --------------------------------[ jar ]---------------------------------
[INFO] 
[INFO] --- resources:3.3.0:resources (default-resources) @ Maven1 ---
[INFO] Copying 0 resource
[INFO] 
[INFO] --- compiler:3.10.1:compile (default-compile) @ Maven1 ---
[INFO] Changes detected - recompiling the module!
[INFO] Compiling 2 source files to C:\Users\stupn\IdeaProjects\Maven1\target\classes
[INFO] ------------------------------------------------------------------------
[INFO] BUILD SUCCESS
[INFO] ------------------------------------------------------------------------
[INFO] Total time:  0.700 s
[INFO] Finished at: 2023-02-20T17:05:28+03:00
[INFO] ------------------------------------------------------------------------